#
# There is insufficient memory for the Java Runtime Environment to continue.
# Native memory allocation (malloc) failed to allocate 1048576 bytes for AllocateHeap
# Possible reasons:
#   The system is out of physical RAM or swap space
#   In 32 bit mode, the process size limit was hit
# Possible solutions:
#   Reduce memory load on the system
#   Increase physical memory or swap space
#   Check if swap backing store is full
#   Use 64 bit Java on a 64 bit OS
#   Decrease Java heap size (-Xmx/-Xms)
#   Decrease number of Java threads
#   Decrease Java thread stack sizes (-Xss)
#   Set larger code cache with -XX:ReservedCodeCacheSize=
# This output file may be truncated or incomplete.
#
#  Out of Memory Error (memory/allocation.inline.hpp:61), pid=4928, tid=0x0000000000000408
#
# JRE version:  (8.0_111-b14) (build )
# Java VM: Java HotSpot(TM) 64-Bit Server VM (25.111-b14 mixed mode windows-amd64 compressed oops)
# Failed to write core dump. Minidumps are not enabled by default on client versions of Windows
#

---------------  T H R E A D  ---------------

Current thread (0x00000000034b0800):  JavaThread "Unknown thread" [_thread_in_vm, id=1032, stack(0x00000000033b0000,0x00000000034b0000)]

Stack: [0x00000000033b0000,0x00000000034b0000]
[error occurred during error reporting (printing stack bounds), id 0xc0000005]

Native frames: (J=compiled Java code, j=interpreted, Vv=VM code, C=native code)


---------------  P R O C E S S  ---------------

Java Threads: ( => current thread )

Other Threads:

=>0x00000000034b0800 (exited) JavaThread "Unknown thread" [_thread_in_vm, id=1032, stack(0x00000000033b0000,0x00000000034b0000)]

VM state:not at safepoint (normal execution)

VM Mutex/Monitor currently owned by a thread: None

Heap:
 PSYoungGen      total 36864K, used 634K [0x00000000d6f80000, 0x00000000d9880000, 0x0000000100000000)
  eden space 31744K, 2% used [0x00000000d6f80000,0x00000000d701eb90,0x00000000d8e80000)
  from space 5120K, 0% used [0x00000000d9380000,0x00000000d9380000,0x00000000d9880000)
  to   space 5120K, 0% used [0x00000000d8e80000,0x00000000d8e80000,0x00000000d9380000)
 ParOldGen       total 84992K, used 0K [0x0000000084e00000, 0x000000008a100000, 0x00000000d6f80000)
  object space 84992K, 0% used [0x0000000084e00000,0x0000000084e00000,0x000000008a100000)
 Metaspace       used 770K, capacity 4480K, committed 4480K, reserved 1056768K
  class space    used 75K, capacity 384K, committed 384K, reserved 1048576K

Card table byte_map: [0x0000000012970000,0x0000000012d50000] byte_map_base: 0x0000000012549000

Marking Bits: (ParMarkBitMap*) 0x0000000063fea6c0
 Begin Bits: [0x00000000137f0000, 0x00000000156b8000)
 End Bits:   [0x00000000156b8000, 0x0000000017580000)

Polling page: 0x0000000001840000

CodeCache: size=245760Kb used=328Kb max_used=328Kb free=245431Kb
 bounds [0x00000000035b0000, 0x0000000003820000, 0x00000000125b0000]
 total_blobs=58 nmethods=0 adapters=38
 compilation: enabled

Compilation events (0 events):
No events

GC Heap History (0 events):
No events

Deoptimization events (0 events):
No events

Internal exceptions (0 events):
No events

Events (10 events):
Event: 0.175 loading class java/lang/Short
Event: 0.175 loading class java/lang/Short done
Event: 0.175 loading class java/lang/Integer
Event: 0.175 loading class java/lang/Integer done
Event: 0.175 loading class java/lang/Long
Event: 0.175 loading class java/lang/Long done
Event: 0.176 loading class java/lang/NullPointerException
Event: 0.176 loading class java/lang/NullPointerException done
Event: 0.176 loading class java/lang/ArithmeticException
Event: 0.176 loading class java/lang/ArithmeticException done


Dynamic libraries:
0x00007ff7ed090000 - 0x00007ff7ed0c7000 	C:\Program Files\Java\jdk1.8.0_111\jre\bin\java.exe
0x00007ffe11b30000 - 0x00007ffe11d28000 	C:\Windows\SYSTEM32\ntdll.dll
0x00007ffe11410000 - 0x00007ffe114cd000 	C:\Windows\System32\KERNEL32.DLL
0x00007ffe0f650000 - 0x00007ffe0f91e000 	C:\Windows\System32\KERNELBASE.dll
0x00007ffe11360000 - 0x00007ffe1140e000 	C:\Windows\System32\ADVAPI32.dll
0x00007ffe114d0000 - 0x00007ffe1156e000 	C:\Windows\System32\msvcrt.dll
0x00007ffe118b0000 - 0x00007ffe1194c000 	C:\Windows\System32\sechost.dll
0x00007ffe11570000 - 0x00007ffe11695000 	C:\Windows\System32\RPCRT4.dll
0x00007ffe10610000 - 0x00007ffe107b0000 	C:\Windows\System32\USER32.dll
0x00007ffe0f9d0000 - 0x00007ffe0f9f2000 	C:\Windows\System32\win32u.dll
0x00007ffe119b0000 - 0x00007ffe119da000 	C:\Windows\System32\GDI32.dll
0x00007ffe0f3c0000 - 0x00007ffe0f4cb000 	C:\Windows\System32\gdi32full.dll
0x00007ffe0f4d0000 - 0x00007ffe0f56d000 	C:\Windows\System32\msvcp_win.dll
0x00007ffe0f220000 - 0x00007ffe0f320000 	C:\Windows\System32\ucrtbase.dll
0x00007ffdf3490000 - 0x00007ffdf372a000 	C:\Windows\WinSxS\amd64_microsoft.windows.common-controls_6595b64144ccf1df_6.0.19041.1110_none_60b5254171f9507e\COMCTL32.dll
0x00007ffe11130000 - 0x00007ffe11160000 	C:\Windows\System32\IMM32.DLL
0x00000000636f0000 - 0x00000000637c2000 	C:\Program Files\Java\jdk1.8.0_111\jre\bin\msvcr100.dll
0x00000000637d0000 - 0x000000006406a000 	C:\Program Files\Java\jdk1.8.0_111\jre\bin\server\jvm.dll
0x00007ffe11ab0000 - 0x00007ffe11ab8000 	C:\Windows\System32\PSAPI.DLL
0x00007ffdeceb0000 - 0x00007ffdeced7000 	C:\Windows\SYSTEM32\WINMM.dll
0x00007ffe037f0000 - 0x00007ffe037fa000 	C:\Windows\SYSTEM32\VERSION.dll
0x00007ffdf4bb0000 - 0x00007ffdf4bb9000 	C:\Windows\SYSTEM32\WSOCK32.dll
0x00007ffe11010000 - 0x00007ffe1107b000 	C:\Windows\System32\WS2_32.dll
0x00000000636a0000 - 0x00000000636af000 	C:\Program Files\Java\jdk1.8.0_111\jre\bin\verify.dll
0x0000000063670000 - 0x0000000063699000 	C:\Program Files\Java\jdk1.8.0_111\jre\bin\java.dll
0x0000000063650000 - 0x0000000063666000 	C:\Program Files\Java\jdk1.8.0_111\jre\bin\zip.dll

VM Arguments:
jvm_args: -Dfile.encoding=UTF-8 
java_command: D:\COURSES\2022 Summer\CSE213\NetBeans Projects\Java FXML for Table, CB, RB, Menu, Scene&StageChange\dist\run1489102756\Java FXML Application 2019-03-30.jar
java_class_path (initial): D:\COURSES\2022 Summer\CSE213\NetBeans Projects\Java FXML for Table, CB, RB, Menu, Scene&StageChange\dist\run1489102756\Java FXML Application 2019-03-30.jar
Launcher Type: SUN_STANDARD

Environment Variables:
PATH=C:\Program Files (x86)\Common Files\Oracle\Java\javapath;C:\ProgramData\Oracle\Java\javapath;C:\Windows\system32;C:\Windows;C:\Windows\System32\Wbem;C:\Windows\System32\WindowsPowerShell\v1.0\;C:\Windows\System32\OpenSSH\;C:\Users\User\AppData\Local\Microsoft\WindowsApps;
USERNAME=User
OS=Windows_NT
PROCESSOR_IDENTIFIER=Intel64 Family 6 Model 140 Stepping 1, GenuineIntel



---------------  S Y S T E M  ---------------

OS: Windows 10.0 , 64 bit Build 19041 (10.0.19041.1806)

CPU:total 8 (4 cores per cpu, 2 threads per core) family 6 model 140 stepping 1, cmov, cx8, fxsr, mmx, sse, sse2, sse3, ssse3, sse4.1, sse4.2, popcnt, avx, avx2, aes, clmul, erms, 3dnowpref, lzcnt, ht, tsc, tscinvbit, bmi1, bmi2, adx

Memory: 4k page, physical 8061192k(749920k free), swap 9961736k(4384k free)

vm_info: Java HotSpot(TM) 64-Bit Server VM (25.111-b14) for windows-amd64 JRE (1.8.0_111-b14), built on Sep 22 2016 19:24:05 by "java_re" with MS VC++ 10.0 (VS2010)

time: Sun Aug 14 13:15:05 2022
elapsed time: 1 seconds (0d 0h 0m 1s)

